2017-08-31 2:04:59 - PHP Warning:  file_get_contents(): php_network_getaddresses: getaddrinfo failed: Name or service not known in /home/html/hollycastillo/catalog/controller/common/home.php on line 38
2017-08-31 2:04:59 - PHP Warning:  file_get_contents(https://www.instagram.com/hollycastillophotography/media/): failed to open stream: php_network_getaddresses: getaddrinfo failed: Name or service not known in /home/html/hollycastillo/catalog/controller/common/home.php on line 38
2017-08-31 2:07:15 - PHP Warning:  file_get_contents(): php_network_getaddresses: getaddrinfo failed: Name or service not known in /home/html/hollycastillo/catalog/controller/common/home.php on line 38
2017-08-31 2:07:15 - PHP Warning:  file_get_contents(https://www.instagram.com/hollycastillophotography/media/): failed to open stream: php_network_getaddresses: getaddrinfo failed: Name or service not known in /home/html/hollycastillo/catalog/controller/common/home.php on line 38
2017-08-31 2:22:55 - PHP Warning:  file_get_contents(): php_network_getaddresses: getaddrinfo failed: Name or service not known in /home/html/hollycastillo/catalog/controller/common/home.php on line 38
2017-08-31 2:22:55 - PHP Warning:  file_get_contents(https://www.instagram.com/hollycastillophotography/media/): failed to open stream: php_network_getaddresses: getaddrinfo failed: Name or service not known in /home/html/hollycastillo/catalog/controller/common/home.php on line 38
2017-09-02 21:52:27 - PHP Warning:  file_get_contents(): php_network_getaddresses: getaddrinfo failed: Name or service not known in /home/html/hollycastillo/catalog/controller/common/home.php on line 38
2017-09-02 21:52:27 - PHP Warning:  file_get_contents(https://api.instagram.com/v1/users/hollycastillophotography/media/recent?client_id=17edb4b9af32483891b94c292bfda500): failed to open stream: php_network_getaddresses: getaddrinfo failed: Name or service not known in /home/html/hollycastillo/catalog/controller/common/home.php on line 38
2017-09-02 21:58:27 - PHP Warning:  file_get_contents(): php_network_getaddresses: getaddrinfo failed: Name or service not known in /home/html/hollycastillo/catalog/controller/common/home.php on line 38
2017-09-02 21:58:27 - PHP Warning:  file_get_contents(https://api.instagram.com/v1/users/hollycastillophotography/media/recent?client_id=17edb4b9af32483891b94c292bfda500&amp;access_token=2164684389.1677ed0.985d29600d74495e937b94a85fdcd28b): failed to open stream: php_network_getaddresses: getaddrinfo failed: Name or service not known in /home/html/hollycastillo/catalog/controller/common/home.php on line 38
2017-09-02 21:59:08 - PHP Warning:  file_get_contents(): php_network_getaddresses: getaddrinfo failed: Name or service not known in /home/html/hollycastillo/catalog/controller/common/home.php on line 38
2017-09-02 21:59:08 - PHP Warning:  file_get_contents(https://api.instagram.com/v1/users/2164684389/media/recent?client_id=17edb4b9af32483891b94c292bfda500&amp;access_token=2164684389.1677ed0.985d29600d74495e937b94a85fdcd28b): failed to open stream: php_network_getaddresses: getaddrinfo failed: Name or service not known in /home/html/hollycastillo/catalog/controller/common/home.php on line 38
2017-09-02 21:59:37 - PHP Warning:  file_get_contents(): php_network_getaddresses: getaddrinfo failed: Name or service not known in /home/html/hollycastillo/catalog/controller/common/home.php on line 38
2017-09-02 21:59:37 - PHP Warning:  file_get_contents(https://api.instagram.com/v1/users/2164684389/media/recent?client_id=17edb4b9af32483891b94c292bfda500&amp;access_token=2164684389.1677ed0.985d29600d74495e937b94a85fdcd28b): failed to open stream: php_network_getaddresses: getaddrinfo failed: Name or service not known in /home/html/hollycastillo/catalog/controller/common/home.php on line 38
2017-09-02 22:00:00 - PHP Warning:  file_get_contents(): php_network_getaddresses: getaddrinfo failed: Name or service not known in /home/html/hollycastillo/catalog/controller/common/home.php on line 38
2017-09-02 22:00:00 - PHP Warning:  file_get_contents(https://api.instagram.com/v1/users/2164684389/media/recent?client_id=17edb4b9af32483891b94c292bfda500&amp;access_token=2164684389.1677ed0.985d29600d74495e937b94a85fdcd28b): failed to open stream: php_network_getaddresses: getaddrinfo failed: Name or service not known in /home/html/hollycastillo/catalog/controller/common/home.php on line 38
2017-09-02 22:10:58 - PHP Warning:  session_start(): Cannot send session cache limiter - headers already sent (output started at /home/html/hollycastillo/index.php:2) in /home/html/hollycastillo/system/library/session.php on line 21
2017-09-02 22:10:59 - PHP Warning:  session_start(): Cannot send session cache limiter - headers already sent (output started at /home/html/hollycastillo/index.php:2) in /home/html/hollycastillo/system/library/session.php on line 21
2017-09-13 2:52:31 - PHP Notice:  Undefined variable: product_id in /home/html/hollycastillo/catalog/model/catalog/review.php on line 70
2017-09-13 2:52:31 - PHP Notice:  Undefined variable: start in /home/html/hollycastillo/catalog/model/catalog/review.php on line 70
2017-09-13 2:52:31 - PHP Notice:  Undefined variable: limit in /home/html/hollycastillo/catalog/model/catalog/review.php on line 70
2017-09-19 1:25:43 - PHP Notice:  Undefined variable: product_id in /home/html/hollycastillo/catalog/model/catalog/review.php on line 70
2017-09-19 1:25:43 - PHP Notice:  Undefined variable: start in /home/html/hollycastillo/catalog/model/catalog/review.php on line 70
2017-09-19 1:25:43 - PHP Notice:  Undefined variable: limit in /home/html/hollycastillo/catalog/model/catalog/review.php on line 70
2017-09-19 1:34:16 - PHP Notice:  Undefined variable: product_id in /home/html/hollycastillo/catalog/model/catalog/review.php on line 70
2017-09-19 1:34:16 - PHP Notice:  Undefined variable: start in /home/html/hollycastillo/catalog/model/catalog/review.php on line 70
2017-09-19 1:34:16 - PHP Notice:  Undefined variable: limit in /home/html/hollycastillo/catalog/model/catalog/review.php on line 70
2017-09-19 1:35:27 - PHP Notice:  Undefined variable: product_id in /home/html/hollycastillo/catalog/model/catalog/review.php on line 70
2017-09-19 1:35:27 - PHP Notice:  Undefined variable: start in /home/html/hollycastillo/catalog/model/catalog/review.php on line 70
2017-09-19 1:35:27 - PHP Notice:  Undefined variable: limit in /home/html/hollycastillo/catalog/model/catalog/review.php on line 70
2017-09-19 1:43:13 - PHP Notice:  Undefined variable: product_id in /home/html/hollycastillo/catalog/model/catalog/review.php on line 70
2017-09-19 1:43:13 - PHP Notice:  Undefined variable: start in /home/html/hollycastillo/catalog/model/catalog/review.php on line 70
2017-09-19 1:43:13 - PHP Notice:  Undefined variable: limit in /home/html/hollycastillo/catalog/model/catalog/review.php on line 70
2017-09-19 1:43:44 - PHP Notice:  Undefined variable: product_id in /home/html/hollycastillo/catalog/model/catalog/review.php on line 70
2017-09-19 1:43:44 - PHP Notice:  Undefined variable: start in /home/html/hollycastillo/catalog/model/catalog/review.php on line 70
2017-09-19 1:43:44 - PHP Notice:  Undefined variable: limit in /home/html/hollycastillo/catalog/model/catalog/review.php on line 70
2017-09-19 1:44:00 - PHP Notice:  Undefined variable: product_id in /home/html/hollycastillo/catalog/model/catalog/review.php on line 70
2017-09-19 1:44:00 - PHP Notice:  Undefined variable: start in /home/html/hollycastillo/catalog/model/catalog/review.php on line 70
2017-09-19 1:44:00 - PHP Notice:  Undefined variable: limit in /home/html/hollycastillo/catalog/model/catalog/review.php on line 70
2017-09-19 1:44:01 - PHP Notice:  Undefined variable: product_id in /home/html/hollycastillo/catalog/model/catalog/review.php on line 70
2017-09-19 1:44:01 - PHP Notice:  Undefined variable: start in /home/html/hollycastillo/catalog/model/catalog/review.php on line 70
2017-09-19 1:44:01 - PHP Notice:  Undefined variable: limit in /home/html/hollycastillo/catalog/model/catalog/review.php on line 70
2017-09-19 1:44:02 - PHP Notice:  Undefined variable: product_id in /home/html/hollycastillo/catalog/model/catalog/review.php on line 70
2017-09-19 1:44:02 - PHP Notice:  Undefined variable: start in /home/html/hollycastillo/catalog/model/catalog/review.php on line 70
2017-09-19 1:44:02 - PHP Notice:  Undefined variable: limit in /home/html/hollycastillo/catalog/model/catalog/review.php on line 70
2017-09-19 1:44:03 - PHP Notice:  Undefined variable: product_id in /home/html/hollycastillo/catalog/model/catalog/review.php on line 70
2017-09-19 1:44:03 - PHP Notice:  Undefined variable: start in /home/html/hollycastillo/catalog/model/catalog/review.php on line 70
2017-09-19 1:44:03 - PHP Notice:  Undefined variable: limit in /home/html/hollycastillo/catalog/model/catalog/review.php on line 70
2017-09-19 1:44:04 - PHP Notice:  Undefined variable: product_id in /home/html/hollycastillo/catalog/model/catalog/review.php on line 70
2017-09-19 1:44:04 - PHP Notice:  Undefined variable: start in /home/html/hollycastillo/catalog/model/catalog/review.php on line 70
2017-09-19 1:44:04 - PHP Notice:  Undefined variable: limit in /home/html/hollycastillo/catalog/model/catalog/review.php on line 70
2017-09-19 1:44:54 - PHP Notice:  Undefined variable: start in /home/html/hollycastillo/catalog/model/catalog/review.php on line 70
2017-09-19 1:44:54 - PHP Notice:  Undefined variable: limit in /home/html/hollycastillo/catalog/model/catalog/review.php on line 70
2017-09-26 3:16:19 - PHP Warning:  usort() expects parameter 2 to be a valid callback, function 'cmp' not found or invalid function name in /home/html/hollycastillo/catalog/controller/common/home.php on line 36
2017-09-26 3:17:01 - PHP Warning:  usort() expects parameter 2 to be a valid callback, function 'cmp' not found or invalid function name in /home/html/hollycastillo/catalog/controller/common/home.php on line 36
2017-09-26 3:17:51 - PHP Warning:  usort() expects parameter 2 to be a valid callback, function 'cmp' not found or invalid function name in /home/html/hollycastillo/catalog/controller/common/home.php on line 36
2017-09-26 3:19:01 - PHP Warning:  usort() expects parameter 2 to be a valid callback, function 'cmp' not found or invalid function name in /home/html/hollycastillo/catalog/controller/common/home.php on line 36
2017-09-26 3:19:20 - PHP Warning:  usort() expects parameter 2 to be a valid callback, function 'cmp' not found or invalid function name in /home/html/hollycastillo/catalog/controller/common/home.php on line 36
